<?xml version="1.0" encoding="UTF-8"?>
<!-- Generated by org.testng.reporters.JUnitReportReporter -->
<testsuite name="mavenproject.Mavenjava.Testselenium" tests="2" time="0.019" ignored="0" failures="0" timestamp="19 Feb 2022 10:29:20 GMT" skipped="0" hostname="DESKTOP-KGJE1PN" errors="0">
  <testcase name="Test" time="0.017" classname="mavenproject.Mavenjava.Testselenium"/>
  <testcase name="Ui" time="0.002" classname="mavenproject.Mavenjava.Testselenium"/>
</testsuite> <!-- mavenproject.Mavenjava.Testselenium -->
