<?xml version="1.0" encoding="UTF-8"?>
<!-- Generated by org.testng.reporters.JUnitReportReporter -->
<testsuite name="mavenproject.Mavenjava.AppTest" tests="1" time="0.002" ignored="0" failures="0" timestamp="17 Feb 2022 11:37:00 GMT" skipped="0" hostname="DESKTOP-KGJE1PN" errors="0">
  <testcase name="get" time="0.002" classname="mavenproject.Mavenjava.AppTest"/>
</testsuite> <!-- mavenproject.Mavenjava.AppTest -->
