<?xml version="1.0" encoding="UTF-8"?>
<!-- Generated by org.testng.reporters.JUnitReportReporter -->
<testsuite name="mavenproject.Mavenjava.seleniumtest" tests="2" time="0.047" ignored="0" failures="0" timestamp="17 Feb 2022 11:37:00 GMT" skipped="0" hostname="DESKTOP-KGJE1PN" errors="0">
  <testcase name="test" time="0.042" classname="mavenproject.Mavenjava.seleniumtest"/>
  <testcase name="ui" time="0.005" classname="mavenproject.Mavenjava.seleniumtest"/>
</testsuite> <!-- mavenproject.Mavenjava.seleniumtest -->
