<?xml version="1.0" encoding="UTF-8"?>
<!-- Generated by org.testng.reporters.JUnitReportReporter -->
<testsuite hostname="DESKTOP-KGJE1PN" failures="0" tests="2" name="mavenproject.Mavenjava.seleniumtest" time="0.016" errors="0" timestamp="2022-02-19T15:28:42 IST" skipped="0">
  <testcase classname="mavenproject.Mavenjava.seleniumtest" name="ui" time="0.000"/>
  <system-out/>
  <testcase classname="mavenproject.Mavenjava.seleniumtest" name="test" time="0.016"/>
  <system-out/>
</testsuite> <!-- mavenproject.Mavenjava.seleniumtest -->
