<?xml version="1.0" encoding="UTF-8"?>
<!-- Generated by org.testng.reporters.JUnitReportReporter -->
<testsuite hostname="DESKTOP-KGJE1PN" failures="0" tests="1" name="mavenproject.Mavenjava.AppTest" time="0.009" errors="0" timestamp="2022-02-18T16:53:07 IST" skipped="0">
  <testcase classname="mavenproject.Mavenjava.AppTest" name="get" time="0.009"/>
  <system-out/>
</testsuite> <!-- mavenproject.Mavenjava.AppTest -->
